<?xml version="1.0" encoding="UTF-8"?>
<!-- Generated by org.testng.reporters.JUnitReportReporter -->
<testsuite hostname="DESKTOP-IBT0ET6" failures="0" tests="1" name="com.datadriven.TripAdvisor.CalTripCost" time="92.591" errors="0" timestamp="2021-07-19T20:45:56 IST" skipped="0">
  <testcase classname="com.datadriven.TripAdvisor.CalTripCost" name="TestOne" time="92.591"/>
  <system-out/>
</testsuite> <!-- com.datadriven.TripAdvisor.CalTripCost -->
